2025-06-12 09:35:54.385 +07:00 [INF] [] Application configured successfully, starting server
2025-06-12 09:35:54.605 +07:00 [INF] [Microsoft.Hosting.Lifetime] Now listening on: http://localhost:5238
2025-06-12 09:35:54.618 +07:00 [INF] [Microsoft.Hosting.Lifetime] Application started. Press Ctrl+C to shut down.
2025-06-12 09:35:54.621 +07:00 [INF] [Microsoft.Hosting.Lifetime] Hosting environment: Development
2025-06-12 09:35:54.624 +07:00 [INF] [Microsoft.Hosting.Lifetime] Content root path: C:\Athillah\BATCH13\demoStructuredLogging\demoStructuredLogging
2025-06-12 09:36:00.625 +07:00 [INF] [Microsoft.AspNetCore.Hosting.Diagnostics] Request starting HTTP/1.1 GET http://localhost:5238/ - null null
2025-06-12 09:36:00.690 +07:00 [INF] [Microsoft.AspNetCore.Hosting.Diagnostics] Request finished HTTP/1.1 GET http://localhost:5238/ - 301 0 null 65.5824ms
2025-06-12 09:36:00.705 +07:00 [INF] [Microsoft.AspNetCore.Hosting.Diagnostics] Request starting HTTP/1.1 GET http://localhost:5238/index.html - null null
2025-06-12 09:36:00.804 +07:00 [INF] [Microsoft.AspNetCore.Hosting.Diagnostics] Request finished HTTP/1.1 GET http://localhost:5238/index.html - 200 null text/html;charset=utf-8 98.3953ms
2025-06-12 09:36:00.833 +07:00 [INF] [Microsoft.AspNetCore.Hosting.Diagnostics] Request starting HTTP/1.1 GET http://localhost:5238/swagger-ui-standalone-preset.js - null null
2025-06-12 09:36:00.836 +07:00 [INF] [Microsoft.AspNetCore.Hosting.Diagnostics] Request starting HTTP/1.1 GET http://localhost:5238/swagger-ui-bundle.js - null null
2025-06-12 09:36:00.838 +07:00 [INF] [Microsoft.AspNetCore.Hosting.Diagnostics] Request starting HTTP/1.1 GET http://localhost:5238/swagger-ui.css - null null
2025-06-12 09:36:00.882 +07:00 [INF] [Microsoft.AspNetCore.StaticFiles.StaticFileMiddleware] Sending file. Request path: '/swagger-ui-bundle.js'. Physical path: 'N/A'
2025-06-12 09:36:00.884 +07:00 [INF] [Microsoft.AspNetCore.StaticFiles.StaticFileMiddleware] Sending file. Request path: '/swagger-ui-standalone-preset.js'. Physical path: 'N/A'
2025-06-12 09:36:00.892 +07:00 [INF] [Microsoft.AspNetCore.StaticFiles.StaticFileMiddleware] Sending file. Request path: '/swagger-ui.css'. Physical path: 'N/A'
2025-06-12 09:36:00.895 +07:00 [INF] [Microsoft.AspNetCore.Hosting.Diagnostics] Request finished HTTP/1.1 GET http://localhost:5238/swagger-ui-bundle.js - 200 1456926 text/javascript 59.3037ms
2025-06-12 09:36:00.900 +07:00 [INF] [Microsoft.AspNetCore.Hosting.Diagnostics] Request finished HTTP/1.1 GET http://localhost:5238/swagger-ui-standalone-preset.js - 200 230280 text/javascript 67.24ms
2025-06-12 09:36:00.908 +07:00 [INF] [Microsoft.AspNetCore.Hosting.Diagnostics] Request finished HTTP/1.1 GET http://localhost:5238/swagger-ui.css - 200 152034 text/css 69.9266ms
2025-06-12 09:36:01.199 +07:00 [INF] [Microsoft.AspNetCore.Hosting.Diagnostics] Request starting HTTP/1.1 GET http://localhost:5238/swagger/v1/swagger.json - null null
2025-06-12 09:36:01.231 +07:00 [INF] [Microsoft.AspNetCore.Hosting.Diagnostics] Request starting HTTP/1.1 GET http://localhost:5238/favicon-32x32.png - null null
2025-06-12 09:36:01.240 +07:00 [INF] [Microsoft.AspNetCore.StaticFiles.StaticFileMiddleware] Sending file. Request path: '/favicon-32x32.png'. Physical path: 'N/A'
2025-06-12 09:36:01.244 +07:00 [INF] [Microsoft.AspNetCore.Hosting.Diagnostics] Request finished HTTP/1.1 GET http://localhost:5238/favicon-32x32.png - 200 628 image/png 13.3151ms
2025-06-12 09:36:01.376 +07:00 [INF] [Microsoft.AspNetCore.Hosting.Diagnostics] Request finished HTTP/1.1 GET http://localhost:5238/swagger/v1/swagger.json - 200 null application/json;charset=utf-8 177.5554ms
2025-06-12 09:36:13.120 +07:00 [INF] [Microsoft.AspNetCore.Hosting.Diagnostics] Request starting HTTP/1.1 GET http://localhost:5238/health - null null
2025-06-12 09:36:13.138 +07:00 [WRN] [Microsoft.AspNetCore.HttpsPolicy.HttpsRedirectionMiddleware] Failed to determine the https port for redirect.
2025-06-12 09:36:13.147 +07:00 [INF] [Microsoft.AspNetCore.Routing.EndpointMiddleware] Executing endpoint 'HTTP: GET /health'
2025-06-12 09:36:13.160 +07:00 [INF] [Microsoft.AspNetCore.Routing.EndpointMiddleware] Executed endpoint 'HTTP: GET /health'
2025-06-12 09:36:13.184 +07:00 [INF] [Serilog.AspNetCore.RequestLoggingMiddleware] HTTP GET /health responded 200 in 19.7900 ms
2025-06-12 09:36:13.191 +07:00 [INF] [Microsoft.AspNetCore.Hosting.Diagnostics] Request finished HTTP/1.1 GET http://localhost:5238/health - 200 null application/json; charset=utf-8 70.3749ms
2025-06-12 09:37:47.451 +07:00 [INF] [Microsoft.AspNetCore.Hosting.Diagnostics] Request starting HTTP/1.1 POST http://localhost:5238/api/Orders - application/json 134
2025-06-12 09:37:47.458 +07:00 [INF] [Microsoft.AspNetCore.Cors.Infrastructure.CorsService] CORS policy execution successful.
2025-06-12 09:37:47.461 +07:00 [INF] [Microsoft.AspNetCore.Routing.EndpointMiddleware] Executing endpoint 'demoStructuredLogging.Controllers.OrdersController.CreateOrder (demoStructuredLogging)'
2025-06-12 09:37:47.500 +07:00 [INF] [Microsoft.AspNetCore.Mvc.Infrastructure.ControllerActionInvoker] Route matched with {action = "CreateOrder", controller = "Orders"}. Executing controller action with signature System.Threading.Tasks.Task`1[Microsoft.AspNetCore.Mvc.ActionResult`1[demoStructuredLogging.Models.ApiResponse`1[demoStructuredLogging.Models.Order]]] CreateOrder(demoStructuredLogging.Models.CreateOrderRequest) on controller demoStructuredLogging.Controllers.OrdersController (demoStructuredLogging).
2025-06-12 09:37:47.590 +07:00 [INF] [demoStructuredLogging.Controllers.OrdersController] Create order request received for user 5 with 1 items. Correlation ID: 9aa64725-a64d-4329-923b-ddc818260cf2
2025-06-12 09:37:47.599 +07:00 [INF] [demoStructuredLogging.Services.OrderService] Creating order for user 5 with 1 items. Correlation ID: a9aa3512-6d6a-42c2-ba75-32be7cee9de0
2025-06-12 09:37:47.662 +07:00 [WRN] [demoStructuredLogging.Services.UserService] User with ID 5 not found
2025-06-12 09:37:47.667 +07:00 [WRN] [demoStructuredLogging.Services.OrderService] Order creation failed - User 5 not found. Correlation ID: a9aa3512-6d6a-42c2-ba75-32be7cee9de0
2025-06-12 09:37:47.672 +07:00 [ERR] [demoStructuredLogging.Services.OrderService] Error creating order for user 5. Correlation ID: a9aa3512-6d6a-42c2-ba75-32be7cee9de0
System.InvalidOperationException: User not found
   at demoStructuredLogging.Services.OrderService.CreateOrderAsync(CreateOrderRequest request) in C:\Athillah\BATCH13\demoStructuredLogging\demoStructuredLogging\Services\OrderService.cs:line 35
2025-06-12 09:37:47.712 +07:00 [WRN] [demoStructuredLogging.Controllers.OrdersController] Create order request failed for user 5 - User not found. Correlation ID: 9aa64725-a64d-4329-923b-ddc818260cf2
System.InvalidOperationException: User not found
   at demoStructuredLogging.Services.OrderService.CreateOrderAsync(CreateOrderRequest request) in C:\Athillah\BATCH13\demoStructuredLogging\demoStructuredLogging\Services\OrderService.cs:line 35
   at demoStructuredLogging.Controllers.OrdersController.CreateOrder(CreateOrderRequest request) in C:\Athillah\BATCH13\demoStructuredLogging\demoStructuredLogging\Controllers\OrderController.cs:line 37
2025-06-12 09:37:47.736 +07:00 [INF] [Microsoft.AspNetCore.Mvc.Infrastructure.ObjectResultExecutor] Executing BadRequestObjectResult, writing value of type 'demoStructuredLogging.Models.ApiResponse`1[[demoStructuredLogging.Models.Order, demoStructuredLogging, Version=1.0.0.0, Culture=neutral, PublicKeyToken=null]]'.
2025-06-12 09:37:47.773 +07:00 [INF] [Microsoft.AspNetCore.Mvc.Infrastructure.ControllerActionInvoker] Executed action demoStructuredLogging.Controllers.OrdersController.CreateOrder (demoStructuredLogging) in 259.9797ms
2025-06-12 09:37:47.779 +07:00 [INF] [Microsoft.AspNetCore.Routing.EndpointMiddleware] Executed endpoint 'demoStructuredLogging.Controllers.OrdersController.CreateOrder (demoStructuredLogging)'
2025-06-12 09:37:47.783 +07:00 [INF] [Serilog.AspNetCore.RequestLoggingMiddleware] HTTP POST /api/Orders responded 400 in 322.5587 ms
2025-06-12 09:37:47.790 +07:00 [INF] [Microsoft.AspNetCore.Hosting.Diagnostics] Request finished HTTP/1.1 POST http://localhost:5238/api/Orders - 400 null application/json; charset=utf-8 338.5004ms
2025-06-12 09:45:27.506 +07:00 [INF] [Microsoft.Hosting.Lifetime] Application is shutting down...
